[35m[1mConsolidate compiler generated dependencies of target voice_control[0m
[ 50%] Built target ament_cmake_python_copy_xf_mic_asr_offline
[ 50%] [32m[1mLinking CXX executable voice_control[0m
/usr/bin/ld: skipping incompatible /home/liyq/hi_ws/ROS2/src/xf_mic_asr_offline/lib/arm64/liboffline_record_lib.so when searching for -loffline_record_lib
/usr/bin/ld: cannot find -loffline_record_lib: No such file or directory
/usr/bin/ld: skipping incompatible /home/liyq/hi_ws/ROS2/src/xf_mic_asr_offline/lib/arm64/liboffline_record_lib.so when searching for -loffline_record_lib
running egg_info
creating xf_mic_asr_offline.egg-info
writing xf_mic_asr_offline.egg-info/PKG-INFO
writing dependency_links to xf_mic_asr_offline.egg-info/dependency_links.txt
writing top-level names to xf_mic_asr_offline.egg-info/top_level.txt
writing manifest file 'xf_mic_asr_offline.egg-info/SOURCES.txt'
reading manifest file 'xf_mic_asr_offline.egg-info/SOURCES.txt'
writing manifest file 'xf_mic_asr_offline.egg-info/SOURCES.txt'
[ 50%] Built target ament_cmake_python_build_xf_mic_asr_offline_egg
collect2: error: ld returned 1 exit status
gmake[2]: *** [CMakeFiles/voice_control.dir/build.make:175: voice_control] Error 1
gmake[1]: *** [CMakeFiles/Makefile2:140: CMakeFiles/voice_control.dir/all] Error 2
gmake: *** [Makefile:146: all] Error 2
